This is pdfTeX, Version 3.141592653-2.6-1.40.22 (TeX Live 2022/dev/Debian) (preloaded format=pdflatex 2023.7.1)  4 JUL 2023 20:05
entering extended mode
 restricted \write18 enabled.
 %&-line parsing enabled.
**presentation.tex
(./presentation.tex
LaTeX2e <2021-11-15> patch level 1
L3 programming layer <2022-01-21>
(/usr/share/texlive/texmf-dist/tex/latex/beamer/beamer.cls
Document Class: beamer 2022/01/21 v3.65 A class for typesetting presentations
(/usr/share/texlive/texmf-dist/tex/latex/beamer/beamerbasemodes.sty
(/usr/share/texlive/texmf-dist/tex/latex/etoolbox/etoolbox.sty
Package: etoolbox 2020/10/05 v2.5k e-TeX tools for LaTeX (JAW)
\etb@tempcnta=\count185
)
\beamer@tempbox=\box50
\beamer@tempcount=\count186
\c@beamerpauses=\count187

(/usr/share/texlive/texmf-dist/tex/latex/beamer/beamerbasedecode.sty
\beamer@slideinframe=\count188
\beamer@minimum=\count189
\beamer@decode@box=\box51
)
\beamer@commentbox=\box52
\beamer@modecount=\count190
)
(/usr/share/texlive/texmf-dist/tex/generic/iftex/ifpdf.sty
Package: ifpdf 2019/10/25 v3.4 ifpdf legacy package. Use iftex instead.

(/usr/share/texlive/texmf-dist/tex/generic/iftex/iftex.sty
Package: iftex 2020/03/06 v1.0d TeX engine tests
))
\headdp=\dimen138
\footheight=\dimen139
\sidebarheight=\dimen140
\beamer@tempdim=\dimen141
\beamer@finalheight=\dimen142
\beamer@animht=\dimen143
\beamer@animdp=\dimen144
\beamer@animwd=\dimen145
\beamer@leftmargin=\dimen146
\beamer@rightmargin=\dimen147
\beamer@leftsidebar=\dimen148
\beamer@rightsidebar=\dimen149
\beamer@boxsize=\dimen150
\beamer@vboxoffset=\dimen151
\beamer@descdefault=\dimen152
\beamer@descriptionwidth=\dimen153
\beamer@lastskip=\skip47
\beamer@areabox=\box53
\beamer@animcurrent=\box54
\beamer@animshowbox=\box55
\beamer@sectionbox=\box56
\beamer@logobox=\box57
\beamer@linebox=\box58
\beamer@sectioncount=\count191
\beamer@subsubsectionmax=\count192
\beamer@subsectionmax=\count193
\beamer@sectionmax=\count194
\beamer@totalheads=\count195
\beamer@headcounter=\count196
\beamer@partstartpage=\count197
\beamer@sectionstartpage=\count198
\beamer@subsectionstartpage=\count199
\beamer@animationtempa=\count266
\beamer@animationtempb=\count267
\beamer@xpos=\count268
\beamer@ypos=\count269
\beamer@ypos@offset=\count270
\beamer@showpartnumber=\count271
\beamer@currentsubsection=\count272
\beamer@coveringdepth=\count273
\beamer@sectionadjust=\count274
\beamer@toclastsection=\count275
\beamer@tocsectionnumber=\count276

(/usr/share/texlive/texmf-dist/tex/latex/beamer/beamerbaseoptions.sty
(/usr/share/texlive/texmf-dist/tex/latex/graphics/keyval.sty
Package: keyval 2014/10/28 v1.15 key=value parser (DPC)
\KV@toks@=\toks16
))
\beamer@paperwidth=\skip48
\beamer@paperheight=\skip49

(/usr/share/texlive/texmf-dist/tex/latex/geometry/geometry.sty
Package: geometry 2020/01/02 v5.9 Page Geometry

(/usr/share/texlive/texmf-dist/tex/generic/iftex/ifvtex.sty
Package: ifvtex 2019/10/25 v1.7 ifvtex legacy package. Use iftex instead.
)
\Gm@cnth=\count277
\Gm@cntv=\count278
\c@Gm@tempcnt=\count279
\Gm@bindingoffset=\dimen154
\Gm@wd@mp=\dimen155
\Gm@odd@mp=\dimen156
\Gm@even@mp=\dimen157
\Gm@layoutwidth=\dimen158
\Gm@layoutheight=\dimen159
\Gm@layouthoffset=\dimen160
\Gm@layoutvoffset=\dimen161
\Gm@dimlist=\toks17
)
(/usr/share/texlive/texmf-dist/tex/latex/pgf/basiclayer/pgfcore.sty
(/usr/share/texlive/texmf-dist/tex/latex/graphics/graphicx.sty
Package: graphicx 2021/09/16 v1.2d Enhanced LaTeX Graphics (DPC,SPQR)

(/usr/share/texlive/texmf-dist/tex/latex/graphics/graphics.sty
Package: graphics 2021/03/04 v1.4d Standard LaTeX Graphics (DPC,SPQR)

(/usr/share/texlive/texmf-dist/tex/latex/graphics/trig.sty
Package: trig 2021/08/11 v1.11 sin cos tan (DPC)
)
(/usr/share/texlive/texmf-dist/tex/latex/graphics-cfg/graphics.cfg
File: graphics.cfg 2016/06/04 v1.11 sample graphics configuration
)
Package graphics Info: Driver file: pdftex.def on input line 107.

(/usr/share/texlive/texmf-dist/tex/latex/graphics-def/pdftex.def
File: pdftex.def 2020/10/05 v1.2a Graphics/color driver for pdftex
))
\Gin@req@height=\dimen162
\Gin@req@width=\dimen163
)
(/usr/share/texlive/texmf-dist/tex/latex/pgf/systemlayer/pgfsys.sty
(/usr/share/texlive/texmf-dist/tex/latex/pgf/utilities/pgfrcs.sty
(/usr/share/texlive/texmf-dist/tex/generic/pgf/utilities/pgfutil-common.tex
\pgfutil@everybye=\toks18
\pgfutil@tempdima=\dimen164
\pgfutil@tempdimb=\dimen165

(/usr/share/texlive/texmf-dist/tex/generic/pgf/utilities/pgfutil-common-lists.t
ex)) (/usr/share/texlive/texmf-dist/tex/generic/pgf/utilities/pgfutil-latex.def
\pgfutil@abb=\box59
) (/usr/share/texlive/texmf-dist/tex/generic/pgf/utilities/pgfrcs.code.tex
(/usr/share/texlive/texmf-dist/tex/generic/pgf/pgf.revision.tex)
Package: pgfrcs 2021/05/15 v3.1.9a (3.1.9a)
))
(/usr/share/texlive/texmf-dist/tex/generic/pgf/systemlayer/pgfsys.code.tex
Package: pgfsys 2021/05/15 v3.1.9a (3.1.9a)

(/usr/share/texlive/texmf-dist/tex/generic/pgf/utilities/pgfkeys.code.tex
\pgfkeys@pathtoks=\toks19
\pgfkeys@temptoks=\toks20

(/usr/share/texlive/texmf-dist/tex/generic/pgf/utilities/pgfkeysfiltered.code.t
ex
\pgfkeys@tmptoks=\toks21
))
\pgf@x=\dimen166
\pgf@y=\dimen167
\pgf@xa=\dimen168
\pgf@ya=\dimen169
\pgf@xb=\dimen170
\pgf@yb=\dimen171
\pgf@xc=\dimen172
\pgf@yc=\dimen173
\pgf@xd=\dimen174
\pgf@yd=\dimen175
\w@pgf@writea=\write3
\r@pgf@reada=\read2
\c@pgf@counta=\count280
\c@pgf@countb=\count281
\c@pgf@countc=\count282
\c@pgf@countd=\count283
\t@pgf@toka=\toks22
\t@pgf@tokb=\toks23
\t@pgf@tokc=\toks24
\pgf@sys@id@count=\count284
 (/usr/share/texlive/texmf-dist/tex/generic/pgf/systemlayer/pgf.cfg
File: pgf.cfg 2021/05/15 v3.1.9a (3.1.9a)
)
Driver file for pgf: pgfsys-pdftex.def

(/usr/share/texlive/texmf-dist/tex/generic/pgf/systemlayer/pgfsys-pdftex.def
File: pgfsys-pdftex.def 2021/05/15 v3.1.9a (3.1.9a)

(/usr/share/texlive/texmf-dist/tex/generic/pgf/systemlayer/pgfsys-common-pdf.de
f
File: pgfsys-common-pdf.def 2021/05/15 v3.1.9a (3.1.9a)
)))
(/usr/share/texlive/texmf-dist/tex/generic/pgf/systemlayer/pgfsyssoftpath.code.
tex
File: pgfsyssoftpath.code.tex 2021/05/15 v3.1.9a (3.1.9a)
\pgfsyssoftpath@smallbuffer@items=\count285
\pgfsyssoftpath@bigbuffer@items=\count286
)
(/usr/share/texlive/texmf-dist/tex/generic/pgf/systemlayer/pgfsysprotocol.code.
tex
File: pgfsysprotocol.code.tex 2021/05/15 v3.1.9a (3.1.9a)
)) (/usr/share/texlive/texmf-dist/tex/latex/xcolor/xcolor.sty
Package: xcolor 2021/10/31 v2.13 LaTeX color extensions (UK)

(/usr/share/texlive/texmf-dist/tex/latex/graphics-cfg/color.cfg
File: color.cfg 2016/01/02 v1.6 sample color configuration
)
Package xcolor Info: Driver file: pdftex.def on input line 227.
Package xcolor Info: Model `cmy' substituted by `cmy0' on input line 1352.
Package xcolor Info: Model `hsb' substituted by `rgb' on input line 1356.
Package xcolor Info: Model `RGB' extended on input line 1368.
Package xcolor Info: Model `HTML' substituted by `rgb' on input line 1370.
Package xcolor Info: Model `Hsb' substituted by `hsb' on input line 1371.
Package xcolor Info: Model `tHsb' substituted by `hsb' on input line 1372.
Package xcolor Info: Model `HSB' substituted by `hsb' on input line 1373.
Package xcolor Info: Model `Gray' substituted by `gray' on input line 1374.
Package xcolor Info: Model `wave' substituted by `hsb' on input line 1375.
)
(/usr/share/texlive/texmf-dist/tex/generic/pgf/basiclayer/pgfcore.code.tex
Package: pgfcore 2021/05/15 v3.1.9a (3.1.9a)

(/usr/share/texlive/texmf-dist/tex/generic/pgf/math/pgfmath.code.tex
(/usr/share/texlive/texmf-dist/tex/generic/pgf/math/pgfmathcalc.code.tex
(/usr/share/texlive/texmf-dist/tex/generic/pgf/math/pgfmathutil.code.tex)
(/usr/share/texlive/texmf-dist/tex/generic/pgf/math/pgfmathparser.code.tex
\pgfmath@dimen=\dimen176
\pgfmath@count=\count287
\pgfmath@box=\box60
\pgfmath@toks=\toks25
\pgfmath@stack@operand=\toks26
\pgfmath@stack@operation=\toks27
)
(/usr/share/texlive/texmf-dist/tex/generic/pgf/math/pgfmathfunctions.code.tex
(/usr/share/texlive/texmf-dist/tex/generic/pgf/math/pgfmathfunctions.basic.code
.tex)
(/usr/share/texlive/texmf-dist/tex/generic/pgf/math/pgfmathfunctions.trigonomet
ric.code.tex)
(/usr/share/texlive/texmf-dist/tex/generic/pgf/math/pgfmathfunctions.random.cod
e.tex)
(/usr/share/texlive/texmf-dist/tex/generic/pgf/math/pgfmathfunctions.comparison
.code.tex)
(/usr/share/texlive/texmf-dist/tex/generic/pgf/math/pgfmathfunctions.base.code.
tex)
(/usr/share/texlive/texmf-dist/tex/generic/pgf/math/pgfmathfunctions.round.code
.tex)
(/usr/share/texlive/texmf-dist/tex/generic/pgf/math/pgfmathfunctions.misc.code.
tex)
(/usr/share/texlive/texmf-dist/tex/generic/pgf/math/pgfmathfunctions.integerari
thmetics.code.tex)))
(/usr/share/texlive/texmf-dist/tex/generic/pgf/math/pgfmathfloat.code.tex
\c@pgfmathroundto@lastzeros=\count288
))
(/usr/share/texlive/texmf-dist/tex/generic/pgf/math/pgfint.code.tex)
(/usr/share/texlive/texmf-dist/tex/generic/pgf/basiclayer/pgfcorepoints.code.te
x
File: pgfcorepoints.code.tex 2021/05/15 v3.1.9a (3.1.9a)
\pgf@picminx=\dimen177
\pgf@picmaxx=\dimen178
\pgf@picminy=\dimen179
\pgf@picmaxy=\dimen180
\pgf@pathminx=\dimen181
\pgf@pathmaxx=\dimen182
\pgf@pathminy=\dimen183
\pgf@pathmaxy=\dimen184
\pgf@xx=\dimen185
\pgf@xy=\dimen186
\pgf@yx=\dimen187
\pgf@yy=\dimen188
\pgf@zx=\dimen189
\pgf@zy=\dimen190
)
(/usr/share/texlive/texmf-dist/tex/generic/pgf/basiclayer/pgfcorepathconstruct.
code.tex
File: pgfcorepathconstruct.code.tex 2021/05/15 v3.1.9a (3.1.9a)
\pgf@path@lastx=\dimen191
\pgf@path@lasty=\dimen192
)
(/usr/share/texlive/texmf-dist/tex/generic/pgf/basiclayer/pgfcorepathusage.code
.tex
File: pgfcorepathusage.code.tex 2021/05/15 v3.1.9a (3.1.9a)
\pgf@shorten@end@additional=\dimen193
\pgf@shorten@start@additional=\dimen194
)
(/usr/share/texlive/texmf-dist/tex/generic/pgf/basiclayer/pgfcorescopes.code.te
x
File: pgfcorescopes.code.tex 2021/05/15 v3.1.9a (3.1.9a)
\pgfpic=\box61
\pgf@hbox=\box62
\pgf@layerbox@main=\box63
\pgf@picture@serial@count=\count289
)
(/usr/share/texlive/texmf-dist/tex/generic/pgf/basiclayer/pgfcoregraphicstate.c
ode.tex
File: pgfcoregraphicstate.code.tex 2021/05/15 v3.1.9a (3.1.9a)
\pgflinewidth=\dimen195
)
(/usr/share/texlive/texmf-dist/tex/generic/pgf/basiclayer/pgfcoretransformation
s.code.tex
File: pgfcoretransformations.code.tex 2021/05/15 v3.1.9a (3.1.9a)
\pgf@pt@x=\dimen196
\pgf@pt@y=\dimen197
\pgf@pt@temp=\dimen198
)
(/usr/share/texlive/texmf-dist/tex/generic/pgf/basiclayer/pgfcorequick.code.tex
File: pgfcorequick.code.tex 2021/05/15 v3.1.9a (3.1.9a)
)
(/usr/share/texlive/texmf-dist/tex/generic/pgf/basiclayer/pgfcoreobjects.code.t
ex
File: pgfcoreobjects.code.tex 2021/05/15 v3.1.9a (3.1.9a)
)
(/usr/share/texlive/texmf-dist/tex/generic/pgf/basiclayer/pgfcorepathprocessing
.code.tex
File: pgfcorepathprocessing.code.tex 2021/05/15 v3.1.9a (3.1.9a)
)
(/usr/share/texlive/texmf-dist/tex/generic/pgf/basiclayer/pgfcorearrows.code.te
x
File: pgfcorearrows.code.tex 2021/05/15 v3.1.9a (3.1.9a)
\pgfarrowsep=\dimen199
)
(/usr/share/texlive/texmf-dist/tex/generic/pgf/basiclayer/pgfcoreshade.code.tex
File: pgfcoreshade.code.tex 2021/05/15 v3.1.9a (3.1.9a)
\pgf@max=\dimen256
\pgf@sys@shading@range@num=\count290
\pgf@shadingcount=\count291
)
(/usr/share/texlive/texmf-dist/tex/generic/pgf/basiclayer/pgfcoreimage.code.tex
File: pgfcoreimage.code.tex 2021/05/15 v3.1.9a (3.1.9a)

(/usr/share/texlive/texmf-dist/tex/generic/pgf/basiclayer/pgfcoreexternal.code.
tex
File: pgfcoreexternal.code.tex 2021/05/15 v3.1.9a (3.1.9a)
\pgfexternal@startupbox=\box64
))
(/usr/share/texlive/texmf-dist/tex/generic/pgf/basiclayer/pgfcorelayers.code.te
x
File: pgfcorelayers.code.tex 2021/05/15 v3.1.9a (3.1.9a)
)
(/usr/share/texlive/texmf-dist/tex/generic/pgf/basiclayer/pgfcoretransparency.c
ode.tex
File: pgfcoretransparency.code.tex 2021/05/15 v3.1.9a (3.1.9a)
)
(/usr/share/texlive/texmf-dist/tex/generic/pgf/basiclayer/pgfcorepatterns.code.
tex
File: pgfcorepatterns.code.tex 2021/05/15 v3.1.9a (3.1.9a)
)
(/usr/share/texlive/texmf-dist/tex/generic/pgf/basiclayer/pgfcorerdf.code.tex
File: pgfcorerdf.code.tex 2021/05/15 v3.1.9a (3.1.9a)
))) (/usr/share/texlive/texmf-dist/tex/latex/base/size11.clo
File: size11.clo 2021/10/04 v1.4n Standard LaTeX file (size option)
)
(/usr/share/texlive/texmf-dist/tex/latex/pgf/utilities/xxcolor.sty
Package: xxcolor 2003/10/24 ver 0.1
\XC@nummixins=\count292
\XC@countmixins=\count293
)
(/usr/share/texlive/texmf-dist/tex/latex/base/atbegshi-ltx.sty
Package: atbegshi-ltx 2021/01/10 v1.0c Emulation of the original atbegshi
package with kernel methods
)
(/usr/share/texlive/texmf-dist/tex/latex/hyperref/hyperref.sty
Package: hyperref 2021-06-07 v7.00m Hypertext links for LaTeX

(/usr/share/texlive/texmf-dist/tex/generic/ltxcmds/ltxcmds.sty
Package: ltxcmds 2020-05-10 v1.25 LaTeX kernel commands for general use (HO)
)
(/usr/share/texlive/texmf-dist/tex/generic/pdftexcmds/pdftexcmds.sty
Package: pdftexcmds 2020-06-27 v0.33 Utility functions of pdfTeX for LuaTeX (HO
)

(/usr/share/texlive/texmf-dist/tex/generic/infwarerr/infwarerr.sty
Package: infwarerr 2019/12/03 v1.5 Providing info/warning/error messages (HO)
)
Package pdftexcmds Info: \pdf@primitive is available.
Package pdftexcmds Info: \pdf@ifprimitive is available.
Package pdftexcmds Info: \pdfdraftmode found.
)
(/usr/share/texlive/texmf-dist/tex/generic/kvsetkeys/kvsetkeys.sty
Package: kvsetkeys 2019/12/15 v1.18 Key value parser (HO)
)
(/usr/share/texlive/texmf-dist/tex/generic/kvdefinekeys/kvdefinekeys.sty
Package: kvdefinekeys 2019-12-19 v1.6 Define keys (HO)
)
(/usr/share/texlive/texmf-dist/tex/generic/pdfescape/pdfescape.sty
Package: pdfescape 2019/12/09 v1.15 Implements pdfTeX's escape features (HO)
)
(/usr/share/texlive/texmf-dist/tex/latex/hycolor/hycolor.sty
Package: hycolor 2020-01-27 v1.10 Color options for hyperref/bookmark (HO)
)
(/usr/share/texlive/texmf-dist/tex/latex/letltxmacro/letltxmacro.sty
Package: letltxmacro 2019/12/03 v1.6 Let assignment for LaTeX macros (HO)
)
(/usr/share/texlive/texmf-dist/tex/latex/auxhook/auxhook.sty
Package: auxhook 2019-12-17 v1.6 Hooks for auxiliary files (HO)
)
(/usr/share/texlive/texmf-dist/tex/latex/kvoptions/kvoptions.sty
Package: kvoptions 2020-10-07 v3.14 Key value format for package options (HO)
)
\@linkdim=\dimen257
\Hy@linkcounter=\count294
\Hy@pagecounter=\count295

(/usr/share/texlive/texmf-dist/tex/latex/hyperref/pd1enc.def
File: pd1enc.def 2021-06-07 v7.00m Hyperref: PDFDocEncoding definition (HO)
Now handling font encoding PD1 ...
... no UTF-8 mapping file for font encoding PD1
)
(/usr/share/texlive/texmf-dist/tex/latex/hyperref/hyperref-langpatches.def
File: hyperref-langpatches.def 2021-06-07 v7.00m Hyperref: patches for babel la
nguages
)
(/usr/share/texlive/texmf-dist/tex/generic/intcalc/intcalc.sty
Package: intcalc 2019/12/15 v1.3 Expandable calculations with integers (HO)
)
(/usr/share/texlive/texmf-dist/tex/generic/etexcmds/etexcmds.sty
Package: etexcmds 2019/12/15 v1.7 Avoid name clashes with e-TeX commands (HO)
)
\Hy@SavedSpaceFactor=\count296

(/usr/share/texlive/texmf-dist/tex/latex/hyperref/puenc.def
File: puenc.def 2021-06-07 v7.00m Hyperref: PDF Unicode definition (HO)
Now handling font encoding PU ...
... no UTF-8 mapping file for font encoding PU
)
Package hyperref Info: Option `bookmarks' set `true' on input line 4073.
Package hyperref Info: Option `bookmarksopen' set `true' on input line 4073.
Package hyperref Info: Option `implicit' set `false' on input line 4073.
Package hyperref Info: Hyper figures OFF on input line 4192.
Package hyperref Info: Link nesting OFF on input line 4197.
Package hyperref Info: Hyper index ON on input line 4200.
Package hyperref Info: Plain pages OFF on input line 4207.
Package hyperref Info: Backreferencing OFF on input line 4212.
Package hyperref Info: Implicit mode OFF; no redefinition of LaTeX internals.
Package hyperref Info: Bookmarks ON on input line 4445.
\c@Hy@tempcnt=\count297

(/usr/share/texlive/texmf-dist/tex/latex/url/url.sty
\Urlmuskip=\muskip16
Package: url 2013/09/16  ver 3.4  Verb mode for urls, etc.
)
LaTeX Info: Redefining \url on input line 4804.
\XeTeXLinkMargin=\dimen258

(/usr/share/texlive/texmf-dist/tex/generic/bitset/bitset.sty
Package: bitset 2019/12/09 v1.3 Handle bit-vector datatype (HO)

(/usr/share/texlive/texmf-dist/tex/generic/bigintcalc/bigintcalc.sty
Package: bigintcalc 2019/12/15 v1.5 Expandable calculations on big integers (HO
)
))
\Fld@menulength=\count298
\Field@Width=\dimen259
\Fld@charsize=\dimen260
Package hyperref Info: Hyper figures OFF on input line 6076.
Package hyperref Info: Link nesting OFF on input line 6081.
Package hyperref Info: Hyper index ON on input line 6084.
Package hyperref Info: backreferencing OFF on input line 6091.
Package hyperref Info: Link coloring OFF on input line 6096.
Package hyperref Info: Link coloring with OCG OFF on input line 6101.
Package hyperref Info: PDF/A mode OFF on input line 6106.
LaTeX Info: Redefining \ref on input line 6146.
LaTeX Info: Redefining \pageref on input line 6150.
\Hy@abspage=\count299


Package hyperref Message: Stopped early.

)
Package hyperref Info: Driver (autodetected): hpdftex.
 (/usr/share/texlive/texmf-dist/tex/latex/hyperref/hpdftex.def
File: hpdftex.def 2021-06-07 v7.00m Hyperref driver for pdfTeX

(/usr/share/texlive/texmf-dist/tex/latex/base/atveryend-ltx.sty
Package: atveryend-ltx 2020/08/19 v1.0a Emulation of the original atveryend pac
kage
with kernel methods
)
\Fld@listcount=\count300
\c@bookmark@seq@number=\count301

(/usr/share/texlive/texmf-dist/tex/latex/rerunfilecheck/rerunfilecheck.sty
Package: rerunfilecheck 2019/12/05 v1.9 Rerun checks for auxiliary files (HO)

(/usr/share/texlive/texmf-dist/tex/generic/uniquecounter/uniquecounter.sty
Package: uniquecounter 2019/12/15 v1.4 Provide unlimited unique counter (HO)
)
Package uniquecounter Info: New unique counter `rerunfilecheck' on input line 2
86.
))
(/usr/share/texlive/texmf-dist/tex/latex/beamer/beamerbaserequires.sty
(/usr/share/texlive/texmf-dist/tex/latex/beamer/beamerbasecompatibility.sty)
(/usr/share/texlive/texmf-dist/tex/latex/beamer/beamerbasefont.sty
(/usr/share/texlive/texmf-dist/tex/latex/amsfonts/amssymb.sty
Package: amssymb 2013/01/14 v3.01 AMS font symbols

(/usr/share/texlive/texmf-dist/tex/latex/amsfonts/amsfonts.sty
Package: amsfonts 2013/01/14 v3.01 Basic AMSFonts support
\@emptytoks=\toks28
\symAMSa=\mathgroup4
\symAMSb=\mathgroup5
LaTeX Font Info:    Redeclaring math symbol \hbar on input line 98.
LaTeX Font Info:    Overwriting math alphabet `\mathfrak' in version `bold'
(Font)                  U/euf/m/n --> U/euf/b/n on input line 106.
)))
(/usr/share/texlive/texmf-dist/tex/latex/beamer/beamerbasetranslator.sty
(/usr/share/texlive/texmf-dist/tex/latex/translator/translator.sty
Package: translator 2021-05-31 v1.12d Easy translation of strings in LaTeX
))
(/usr/share/texlive/texmf-dist/tex/latex/beamer/beamerbasemisc.sty)
(/usr/share/texlive/texmf-dist/tex/latex/beamer/beamerbasetwoscreens.sty)
(/usr/share/texlive/texmf-dist/tex/latex/beamer/beamerbaseoverlay.sty
\beamer@argscount=\count302
\beamer@lastskipcover=\skip50
\beamer@trivlistdepth=\count303
)
(/usr/share/texlive/texmf-dist/tex/latex/beamer/beamerbasetitle.sty)
(/usr/share/texlive/texmf-dist/tex/latex/beamer/beamerbasesection.sty
\c@lecture=\count304
\c@part=\count305
\c@section=\count306
\c@subsection=\count307
\c@subsubsection=\count308
)
(/usr/share/texlive/texmf-dist/tex/latex/beamer/beamerbaseframe.sty
\beamer@framebox=\box65
\beamer@frametitlebox=\box66
\beamer@zoombox=\box67
\beamer@zoomcount=\count309
\beamer@zoomframecount=\count310
\beamer@frametextheight=\dimen261
\c@subsectionslide=\count311
\beamer@frametopskip=\skip51
\beamer@framebottomskip=\skip52
\beamer@frametopskipautobreak=\skip53
\beamer@framebottomskipautobreak=\skip54
\beamer@envbody=\toks29
\framewidth=\dimen262
\c@framenumber=\count312
)
(/usr/share/texlive/texmf-dist/tex/latex/beamer/beamerbaseverbatim.sty
\beamer@verbatimfileout=\write4
)
(/usr/share/texlive/texmf-dist/tex/latex/beamer/beamerbaseframesize.sty
\beamer@splitbox=\box68
\beamer@autobreakcount=\count313
\beamer@autobreaklastheight=\dimen263
\beamer@frametitletoks=\toks30
\beamer@framesubtitletoks=\toks31
)
(/usr/share/texlive/texmf-dist/tex/latex/beamer/beamerbaseframecomponents.sty
\beamer@footins=\box69
)
(/usr/share/texlive/texmf-dist/tex/latex/beamer/beamerbasecolor.sty)
(/usr/share/texlive/texmf-dist/tex/latex/beamer/beamerbasenotes.sty
\beamer@frameboxcopy=\box70
)
(/usr/share/texlive/texmf-dist/tex/latex/beamer/beamerbasetoc.sty)
(/usr/share/texlive/texmf-dist/tex/latex/beamer/beamerbasetemplates.sty
\beamer@sbttoks=\toks32

(/usr/share/texlive/texmf-dist/tex/latex/beamer/beamerbaseauxtemplates.sty
(/usr/share/texlive/texmf-dist/tex/latex/beamer/beamerbaseboxes.sty
\bmb@box=\box71
\bmb@colorbox=\box72
\bmb@boxwidth=\dimen264
\bmb@boxheight=\dimen265
\bmb@prevheight=\dimen266
\bmb@temp=\dimen267
\bmb@dima=\dimen268
\bmb@dimb=\dimen269
\bmb@prevheight=\dimen270
)
\beamer@blockheadheight=\dimen271
))
(/usr/share/texlive/texmf-dist/tex/latex/beamer/beamerbaselocalstructure.sty
(/usr/share/texlive/texmf-dist/tex/latex/tools/enumerate.sty
Package: enumerate 2015/07/23 v3.00 enumerate extensions (DPC)
\@enLab=\toks33
)
\beamer@bibiconwidth=\skip55
\c@figure=\count314
\c@table=\count315
\abovecaptionskip=\skip56
\belowcaptionskip=\skip57
)
(/usr/share/texlive/texmf-dist/tex/latex/beamer/beamerbasenavigation.sty
\beamer@section@min@dim=\dimen272
)
(/usr/share/texlive/texmf-dist/tex/latex/beamer/beamerbasetheorems.sty
(/usr/share/texlive/texmf-dist/tex/latex/amsmath/amsmath.sty
Package: amsmath 2021/10/15 v2.17l AMS math features
\@mathmargin=\skip58

For additional information on amsmath, use the `?' option.
(/usr/share/texlive/texmf-dist/tex/latex/amsmath/amstext.sty
Package: amstext 2021/08/26 v2.01 AMS text

(/usr/share/texlive/texmf-dist/tex/latex/amsmath/amsgen.sty
File: amsgen.sty 1999/11/30 v2.0 generic functions
\@emptytoks=\toks34
\ex@=\dimen273
))
(/usr/share/texlive/texmf-dist/tex/latex/amsmath/amsbsy.sty
Package: amsbsy 1999/11/29 v1.2d Bold Symbols
\pmbraise@=\dimen274
)
(/usr/share/texlive/texmf-dist/tex/latex/amsmath/amsopn.sty
Package: amsopn 2021/08/26 v2.02 operator names
)
\inf@bad=\count316
LaTeX Info: Redefining \frac on input line 234.
\uproot@=\count317
\leftroot@=\count318
LaTeX Info: Redefining \overline on input line 399.
\classnum@=\count319
\DOTSCASE@=\count320
LaTeX Info: Redefining \ldots on input line 496.
LaTeX Info: Redefining \dots on input line 499.
LaTeX Info: Redefining \cdots on input line 620.
\Mathstrutbox@=\box73
\strutbox@=\box74
\big@size=\dimen275
LaTeX Font Info:    Redeclaring font encoding OML on input line 743.
LaTeX Font Info:    Redeclaring font encoding OMS on input line 744.
\macc@depth=\count321
\c@MaxMatrixCols=\count322
\dotsspace@=\muskip17
\c@parentequation=\count323
\dspbrk@lvl=\count324
\tag@help=\toks35
\row@=\count325
\column@=\count326
\maxfields@=\count327
\andhelp@=\toks36
\eqnshift@=\dimen276
\alignsep@=\dimen277
\tagshift@=\dimen278
\tagwidth@=\dimen279
\totwidth@=\dimen280
\lineht@=\dimen281
\@envbody=\toks37
\multlinegap=\skip59
\multlinetaggap=\skip60
\mathdisplay@stack=\toks38
LaTeX Info: Redefining \[ on input line 2938.
LaTeX Info: Redefining \] on input line 2939.
)
(/usr/share/texlive/texmf-dist/tex/latex/amscls/amsthm.sty
Package: amsthm 2020/05/29 v2.20.6
\thm@style=\toks39
\thm@bodyfont=\toks40
\thm@headfont=\toks41
\thm@notefont=\toks42
\thm@headpunct=\toks43
\thm@preskip=\skip61
\thm@postskip=\skip62
\thm@headsep=\skip63
\dth@everypar=\toks44
)
\c@theorem=\count328
)
(/usr/share/texlive/texmf-dist/tex/latex/beamer/beamerbasethemes.sty))
(/usr/share/texlive/texmf-dist/tex/latex/beamer/beamerthemedefault.sty
(/usr/share/texlive/texmf-dist/tex/latex/beamer/beamerfontthemedefault.sty)
(/usr/share/texlive/texmf-dist/tex/latex/beamer/beamercolorthemedefault.sty)
(/usr/share/texlive/texmf-dist/tex/latex/beamer/beamerinnerthemedefault.sty
\beamer@dima=\dimen282
\beamer@dimb=\dimen283
)
(/usr/share/texlive/texmf-dist/tex/latex/beamer/beamerouterthemedefault.sty)))
(/usr/share/texlive/texmf-dist/tex/latex/eurosym/eurosym.sty
Package: eurosym 1998/08/06 v1.1 European currency symbol ``Euro''
\@eurobox=\box75
)
(/usr/share/texlive/texmf-dist/tex/latex/subfig/subfig.sty
Package: subfig 2005/06/28 ver: 1.3 subfig package

(/usr/share/texlive/texmf-dist/tex/latex/caption/caption.sty
Package: caption 2020/10/26 v3.5g Customizing captions (AR)

(/usr/share/texlive/texmf-dist/tex/latex/caption/caption3.sty
Package: caption3 2020/10/21 v2.2e caption3 kernel (AR)
\captionmargin=\dimen284
\captionmargin@=\dimen285
\captionwidth=\dimen286
\caption@tempdima=\dimen287
\caption@indent=\dimen288
\caption@parindent=\dimen289
\caption@hangindent=\dimen290
Package caption Info: beamer document class detected.

(/usr/share/texlive/texmf-dist/tex/latex/caption/caption-beamer.sto
File: caption-beamer.sto 2020/08/22 v2.0 Adaption of the caption package to the
 beamer document classes (AR)
))
\c@caption@flags=\count329
\c@continuedfloat=\count330
Package caption Info: hyperref package is loaded.
Package caption Info: Hyperref support is turned off
(caption)             because hyperref has stopped early.
)
\c@KVtest=\count331
\sf@farskip=\skip64
\sf@captopadj=\dimen291
\sf@capskip=\skip65
\sf@nearskip=\skip66
\c@subfigure=\count332
\c@subfigure@save=\count333
\c@depth=\count334
\c@subtable=\count335
\c@subtable@save=\count336
\sf@top=\skip67
\sf@bottom=\skip68
)
\c@prop=\count337
\c@obv=\count338
\c@defi=\count339

(/usr/share/texlive/texmf-dist/tex/latex/pgf/utilities/pgfpages.sty
Package: pgfpages 2011/01/05 ver 0.02

(/usr/share/texlive/texmf-dist/tex/latex/tools/calc.sty
Package: calc 2017/05/25 v4.3 Infix arithmetic (KKT,FJ)
\calc@Acount=\count340
\calc@Bcount=\count341
\calc@Adimen=\dimen292
\calc@Bdimen=\dimen293
\calc@Askip=\skip69
\calc@Bskip=\skip70
LaTeX Info: Redefining \setlength on input line 80.
LaTeX Info: Redefining \addtolength on input line 81.
\calc@Ccount=\count342
\calc@Cskip=\skip71
)
\pgf@logicalpages=\count343
\pgf@firstshipout=\count344
\pgf@lastshipout=\count345
\pgf@currentshipout=\count346
\pgf@cpn=\count347
\pgf@shipoutnextto=\count348
\pgfphysicalheight=\dimen294
\pgfphysicalwidth=\dimen295
\pgfpages@shipoutbox=\box76
)
(/usr/share/texlive/texmf-dist/tex/latex/base/inputenc.sty
Package: inputenc 2021/02/14 v1.3d Input encoding file
\inpenc@prehook=\toks45
\inpenc@posthook=\toks46
)
(/usr/share/texlive/texmf-dist/tex/latex/mathtools/mathtools.sty
Package: mathtools 2021/02/02 v1.28 mathematical typesetting tools

(/usr/share/texlive/texmf-dist/tex/latex/mathtools/mhsetup.sty
Package: mhsetup 2021/03/18 v1.4 programming setup (MH)
)
\g_MT_multlinerow_int=\count349
\l_MT_multwidth_dim=\dimen296
\origjot=\skip72
\l_MT_shortvdotswithinadjustabove_dim=\dimen297
\l_MT_shortvdotswithinadjustbelow_dim=\dimen298
\l_MT_above_intertext_sep=\dimen299
\l_MT_below_intertext_sep=\dimen300
\l_MT_above_shortintertext_sep=\dimen301
\l_MT_below_shortintertext_sep=\dimen302
\xmathstrut@box=\box77
\xmathstrut@dim=\dimen303
)
(/usr/share/texlive/texmf-dist/tex/latex/psnfss/utopia.sty
Package: utopia 2020/03/25 PSNFSS-v9.3 (P.Dyballa) 


Package utopia Warning: This package is to be regarded as obsolete.
(utopia)                See the PSNFSS documentation.

) (/usr/share/texlive/texmf-dist/tex/latex/beamer/beamerthemeFrankfurt.sty
(/usr/share/texlive/texmf-dist/tex/latex/beamer/beamerouterthemesmoothbars.sty)
(/usr/share/texlive/texmf-dist/tex/latex/beamer/beamerinnerthemerounded.sty)
(/usr/share/texlive/texmf-dist/tex/latex/beamer/beamercolorthemeorchid.sty)
(/usr/share/texlive/texmf-dist/tex/latex/beamer/beamercolorthemewhale.sty))
(/usr/share/texlive/texmf-dist/tex/latex/tools/multicol.sty
Package: multicol 2021/10/28 v1.9b multicolumn formatting (FMi)
\c@tracingmulticols=\count350
\mult@box=\box78
\multicol@leftmargin=\dimen304
\c@unbalance=\count351
\c@collectmore=\count352
\doublecol@number=\count353
\multicoltolerance=\count354
\multicolpretolerance=\count355
\full@width=\dimen305
\page@free=\dimen306
\premulticols=\dimen307
\postmulticols=\dimen308
\multicolsep=\skip73
\multicolbaselineskip=\skip74
\partial@page=\box79
\last@line=\box80
\maxbalancingoverflow=\dimen309
\mult@rightbox=\box81
\mult@grightbox=\box82
\mult@firstbox=\box83
\mult@gfirstbox=\box84
\@tempa=\box85
\@tempa=\box86
\@tempa=\box87
\@tempa=\box88
\@tempa=\box89
\@tempa=\box90
\@tempa=\box91
\@tempa=\box92
\@tempa=\box93
\@tempa=\box94
\@tempa=\box95
\@tempa=\box96
\@tempa=\box97
\@tempa=\box98
\@tempa=\box99
\@tempa=\box100
\@tempa=\box101
\@tempa=\box102
\@tempa=\box103
\@tempa=\box104
\@tempa=\box105
\@tempa=\box106
\@tempa=\box107
\@tempa=\box108
\@tempa=\box109
\@tempa=\box110
\@tempa=\box111
\@tempa=\box112
\@tempa=\box113
\@tempa=\box114
\@tempa=\box115
\@tempa=\box116
\@tempa=\box117
\@tempa=\box118
\@tempa=\box119
\@tempa=\box120
\c@minrows=\count356
\c@columnbadness=\count357
\c@finalcolumnbadness=\count358
\last@try=\dimen310
\multicolovershoot=\dimen311
\multicolundershoot=\dimen312
\mult@nat@firstbox=\box121
\colbreak@box=\box122
\mc@col@check@num=\count359
)
(/usr/share/texlive/texmf-dist/tex/latex/pgf/frontendlayer/tikz.sty
(/usr/share/texlive/texmf-dist/tex/latex/pgf/basiclayer/pgf.sty
Package: pgf 2021/05/15 v3.1.9a (3.1.9a)

(/usr/share/texlive/texmf-dist/tex/generic/pgf/modules/pgfmoduleshapes.code.tex
File: pgfmoduleshapes.code.tex 2021/05/15 v3.1.9a (3.1.9a)
\pgfnodeparttextbox=\box123
) (/usr/share/texlive/texmf-dist/tex/generic/pgf/modules/pgfmoduleplot.code.tex
File: pgfmoduleplot.code.tex 2021/05/15 v3.1.9a (3.1.9a)
)
(/usr/share/texlive/texmf-dist/tex/latex/pgf/compatibility/pgfcomp-version-0-65
.sty
Package: pgfcomp-version-0-65 2021/05/15 v3.1.9a (3.1.9a)
\pgf@nodesepstart=\dimen313
\pgf@nodesepend=\dimen314
)
(/usr/share/texlive/texmf-dist/tex/latex/pgf/compatibility/pgfcomp-version-1-18
.sty
Package: pgfcomp-version-1-18 2021/05/15 v3.1.9a (3.1.9a)
)) (/usr/share/texlive/texmf-dist/tex/latex/pgf/utilities/pgffor.sty
(/usr/share/texlive/texmf-dist/tex/latex/pgf/utilities/pgfkeys.sty
(/usr/share/texlive/texmf-dist/tex/generic/pgf/utilities/pgfkeys.code.tex))
(/usr/share/texlive/texmf-dist/tex/latex/pgf/math/pgfmath.sty
(/usr/share/texlive/texmf-dist/tex/generic/pgf/math/pgfmath.code.tex))
(/usr/share/texlive/texmf-dist/tex/generic/pgf/utilities/pgffor.code.tex
Package: pgffor 2021/05/15 v3.1.9a (3.1.9a)

(/usr/share/texlive/texmf-dist/tex/generic/pgf/math/pgfmath.code.tex)
\pgffor@iter=\dimen315
\pgffor@skip=\dimen316
\pgffor@stack=\toks47
\pgffor@toks=\toks48
))
(/usr/share/texlive/texmf-dist/tex/generic/pgf/frontendlayer/tikz/tikz.code.tex
Package: tikz 2021/05/15 v3.1.9a (3.1.9a)

(/usr/share/texlive/texmf-dist/tex/generic/pgf/libraries/pgflibraryplothandlers
.code.tex
File: pgflibraryplothandlers.code.tex 2021/05/15 v3.1.9a (3.1.9a)
\pgf@plot@mark@count=\count360
\pgfplotmarksize=\dimen317
)
\tikz@lastx=\dimen318
\tikz@lasty=\dimen319
\tikz@lastxsaved=\dimen320
\tikz@lastysaved=\dimen321
\tikz@lastmovetox=\dimen322
\tikz@lastmovetoy=\dimen323
\tikzleveldistance=\dimen324
\tikzsiblingdistance=\dimen325
\tikz@figbox=\box124
\tikz@figbox@bg=\box125
\tikz@tempbox=\box126
\tikz@tempbox@bg=\box127
\tikztreelevel=\count361
\tikznumberofchildren=\count362
\tikznumberofcurrentchild=\count363
\tikz@fig@count=\count364

(/usr/share/texlive/texmf-dist/tex/generic/pgf/modules/pgfmodulematrix.code.tex
File: pgfmodulematrix.code.tex 2021/05/15 v3.1.9a (3.1.9a)
\pgfmatrixcurrentrow=\count365
\pgfmatrixcurrentcolumn=\count366
\pgf@matrix@numberofcolumns=\count367
)
\tikz@expandcount=\count368

(/usr/share/texlive/texmf-dist/tex/generic/pgf/frontendlayer/tikz/libraries/tik
zlibrarytopaths.code.tex
File: tikzlibrarytopaths.code.tex 2021/05/15 v3.1.9a (3.1.9a)
)))
(/usr/share/texlive/texmf-dist/tex/generic/pgf/frontendlayer/tikz/libraries/tik
zlibraryshapes.geometric.code.tex
File: tikzlibraryshapes.geometric.code.tex 2021/05/15 v3.1.9a (3.1.9a)

(/usr/share/texlive/texmf-dist/tex/generic/pgf/libraries/shapes/pgflibraryshape
s.geometric.code.tex
File: pgflibraryshapes.geometric.code.tex 2021/05/15 v3.1.9a (3.1.9a)
))
(/usr/share/texlive/texmf-dist/tex/generic/pgf/frontendlayer/tikz/libraries/tik
zlibraryarrows.code.tex
File: tikzlibraryarrows.code.tex 2021/05/15 v3.1.9a (3.1.9a)

(/usr/share/texlive/texmf-dist/tex/generic/pgf/libraries/pgflibraryarrows.code.
tex
File: pgflibraryarrows.code.tex 2021/05/15 v3.1.9a (3.1.9a)
\arrowsize=\dimen326
))
(/usr/share/texlive/texmf-dist/tex/latex/beamer/beamerfontthemeprofessionalfont
s.sty) (/usr/share/texlive/texmf-dist/tex/latex/natbib/natbib.sty
Package: natbib 2010/09/13 8.31b (PWD, AO)
\bibhang=\skip75
\bibsep=\skip76
LaTeX Info: Redefining \cite on input line 694.
\c@NAT@ctr=\count369
)
(/usr/share/texlive/texmf-dist/tex/latex/l3backend/l3backend-pdftex.def
File: l3backend-pdftex.def 2022-01-12 L3 backend support: PDF output (pdfTeX)
\l__color_backend_stack_int=\count370
\l__pdf_internal_box=\box128
)
(./presentation.aux)
\openout1 = `presentation.aux'.

LaTeX Font Info:    Checking defaults for OML/cmm/m/it on input line 72.
LaTeX Font Info:    ... okay on input line 72.
LaTeX Font Info:    Checking defaults for OMS/cmsy/m/n on input line 72.
LaTeX Font Info:    ... okay on input line 72.
LaTeX Font Info:    Checking defaults for OT1/cmr/m/n on input line 72.
LaTeX Font Info:    ... okay on input line 72.
LaTeX Font Info:    Checking defaults for T1/cmr/m/n on input line 72.
LaTeX Font Info:    ... okay on input line 72.
LaTeX Font Info:    Checking defaults for TS1/cmr/m/n on input line 72.
LaTeX Font Info:    ... okay on input line 72.
LaTeX Font Info:    Checking defaults for OMX/cmex/m/n on input line 72.
LaTeX Font Info:    ... okay on input line 72.
LaTeX Font Info:    Checking defaults for U/cmr/m/n on input line 72.
LaTeX Font Info:    ... okay on input line 72.
LaTeX Font Info:    Checking defaults for PD1/pdf/m/n on input line 72.
LaTeX Font Info:    ... okay on input line 72.
LaTeX Font Info:    Checking defaults for PU/pdf/m/n on input line 72.
LaTeX Font Info:    ... okay on input line 72.

*geometry* driver: auto-detecting
*geometry* detected driver: pdftex
*geometry* verbose mode - [ preamble ] result:
* driver: pdftex
* paper: custom
* layout: <same size as paper>
* layoutoffset:(h,v)=(0.0pt,0.0pt)
* modes: includehead includefoot 
* h-part:(L,W,R)=(28.45274pt, 307.28987pt, 28.45274pt)
* v-part:(T,H,B)=(0.0pt, 273.14662pt, 0.0pt)
* \paperwidth=364.19536pt
* \paperheight=273.14662pt
* \textwidth=307.28987pt
* \textheight=244.6939pt
* \oddsidemargin=-43.81725pt
* \evensidemargin=-43.81725pt
* \topmargin=-72.26999pt
* \headheight=14.22636pt
* \headsep=0.0pt
* \topskip=11.0pt
* \footskip=14.22636pt
* \marginparwidth=4.0pt
* \marginparsep=10.0pt
* \columnsep=10.0pt
* \skip\footins=10.0pt plus 4.0pt minus 2.0pt
* \hoffset=0.0pt
* \voffset=0.0pt
* \mag=1000
* \@twocolumnfalse
* \@twosidefalse
* \@mparswitchfalse
* \@reversemarginfalse
* (1in=72.27pt=25.4mm, 1cm=28.453pt)

(/usr/share/texlive/texmf-dist/tex/context/base/mkii/supp-pdf.mkii
[Loading MPS to PDF converter (version 2006.09.02).]
\scratchcounter=\count371
\scratchdimen=\dimen327
\scratchbox=\box129
\nofMPsegments=\count372
\nofMParguments=\count373
\everyMPshowfont=\toks49
\MPscratchCnt=\count374
\MPscratchDim=\dimen328
\MPnumerator=\count375
\makeMPintoPDFobject=\count376
\everyMPtoPDFconversion=\toks50
) (/usr/share/texlive/texmf-dist/tex/latex/epstopdf-pkg/epstopdf-base.sty
Package: epstopdf-base 2020-01-24 v2.11 Base part for package epstopdf
Package epstopdf-base Info: Redefining graphics rule for `.eps' on input line 4
85.

(/usr/share/texlive/texmf-dist/tex/latex/latexconfig/epstopdf-sys.cfg
File: epstopdf-sys.cfg 2010/07/13 v1.3 Configuration of (r)epstopdf for TeX Liv
e
))
Package hyperref Info: Link coloring OFF on input line 72.

(/usr/share/texlive/texmf-dist/tex/latex/hyperref/nameref.sty
Package: nameref 2021-04-02 v2.47 Cross-referencing by name of section

(/usr/share/texlive/texmf-dist/tex/latex/refcount/refcount.sty
Package: refcount 2019/12/15 v3.6 Data extraction from label references (HO)
)
(/usr/share/texlive/texmf-dist/tex/generic/gettitlestring/gettitlestring.sty
Package: gettitlestring 2019/12/15 v1.6 Cleanup title references (HO)
)
\c@section@level=\count377
)
LaTeX Info: Redefining \ref on input line 72.
LaTeX Info: Redefining \pageref on input line 72.
LaTeX Info: Redefining \nameref on input line 72.

(./presentation.out) (./presentation.out)
\@outlinefile=\write5
\openout5 = `presentation.out'.


(/usr/share/texlive/texmf-dist/tex/latex/translator/translator-basic-dictionary
-English.dict
Dictionary: translator-basic-dictionary, Language: English 
)
(/usr/share/texlive/texmf-dist/tex/latex/translator/translator-bibliography-dic
tionary-English.dict
Dictionary: translator-bibliography-dictionary, Language: English 
)
(/usr/share/texlive/texmf-dist/tex/latex/translator/translator-environment-dict
ionary-English.dict
Dictionary: translator-environment-dictionary, Language: English 
)
(/usr/share/texlive/texmf-dist/tex/latex/translator/translator-months-dictionar
y-English.dict
Dictionary: translator-months-dictionary, Language: English 
)
(/usr/share/texlive/texmf-dist/tex/latex/translator/translator-numbers-dictiona
ry-English.dict
Dictionary: translator-numbers-dictionary, Language: English 
)
(/usr/share/texlive/texmf-dist/tex/latex/translator/translator-theorem-dictiona
ry-English.dict
Dictionary: translator-theorem-dictionary, Language: English 
)
Package caption Info: Begin \AtBeginDocument code.
Package caption Info: subfig package v1.3 is loaded.
Package caption Info: End \AtBeginDocument code.
 (./presentation.nav)
<imagenes//ugr2.png, id=92, 1606.0pt x 493.845pt>
File: imagenes//ugr2.png Graphic file (type png)
<use imagenes//ugr2.png>
Package pdftex.def Info: imagenes//ugr2.png  used on input line 81.
(pdftex.def)             Requested size: 76.82246pt x 23.61612pt.
File: imagenes//ugr2.png Graphic file (type png)
<use imagenes//ugr2.png>
Package pdftex.def Info: imagenes//ugr2.png  used on input line 81.
(pdftex.def)             Requested size: 28.45274pt x 8.74866pt.
 [1{/var/lib/texmf/fonts/map/pdftex/updmap/pdftex.map}

 <./imagenes//ugr2.png>] (./presentation.toc)
File: imagenes//ugr2.png Graphic file (type png)
<use imagenes//ugr2.png>
Package pdftex.def Info: imagenes//ugr2.png  used on input line 90.
(pdftex.def)             Requested size: 28.45274pt x 8.74866pt.
 [2

]
(./presentation.toc)
File: imagenes//ugr2.png Graphic file (type png)
<use imagenes//ugr2.png>
Package pdftex.def Info: imagenes//ugr2.png  used on input line 93.
(pdftex.def)             Requested size: 28.45274pt x 8.74866pt.
 [3

]
<imagenes//virtual-reality.png, id=334, 893.3375pt x 593.21625pt>
File: imagenes//virtual-reality.png Graphic file (type png)
<use imagenes//virtual-reality.png>
Package pdftex.def Info: imagenes//virtual-reality.png  used on input line 111.

(pdftex.def)             Requested size: 199.73653pt x 132.62608pt.
File: imagenes//ugr2.png Graphic file (type png)
<use imagenes//ugr2.png>
Package pdftex.def Info: imagenes//ugr2.png  used on input line 111.
(pdftex.def)             Requested size: 28.45274pt x 8.74866pt.
 [4

 <./imagenes//virtual-reality.png>]
<imagenes//touch.png, id=397, 656.4525pt x 342.27875pt>
File: imagenes//touch.png Graphic file (type png)
<use imagenes//touch.png>
Package pdftex.def Info: imagenes//touch.png  used on input line 126.
(pdftex.def)             Requested size: 184.3758pt x 96.13509pt.
LaTeX Font Info:    Font shape `OT1/cmss/b/n' in size <10.95> not available
(Font)              Font shape `OT1/cmss/bx/n' tried instead on input line 126.

File: imagenes//ugr2.png Graphic file (type png)
<use imagenes//ugr2.png>
Package pdftex.def Info: imagenes//ugr2.png  used on input line 126.
(pdftex.def)             Requested size: 28.45274pt x 8.74866pt.
 [5

 <./imagenes//touch.png>]
File: imagenes//ugr2.png Graphic file (type png)
<use imagenes//ugr2.png>
Package pdftex.def Info: imagenes//ugr2.png  used on input line 146.
(pdftex.def)             Requested size: 28.45274pt x 8.74866pt.
 [6

]
<imagenes//diagrama-fases.png, id=525, 1081.03876pt x 532.99126pt>
File: imagenes//diagrama-fases.png Graphic file (type png)
<use imagenes//diagrama-fases.png>
Package pdftex.def Info: imagenes//diagrama-fases.png  used on input line 155.
(pdftex.def)             Requested size: 307.28987pt x 151.50557pt.
File: imagenes//ugr2.png Graphic file (type png)
<use imagenes//ugr2.png>
Package pdftex.def Info: imagenes//ugr2.png  used on input line 155.
(pdftex.def)             Requested size: 28.45274pt x 8.74866pt.
 [7

 <./imagenes//diagrama-fases.png>] (./presentation.toc)
File: imagenes//ugr2.png Graphic file (type png)
<use imagenes//ugr2.png>
Package pdftex.def Info: imagenes//ugr2.png  used on input line 160.
(pdftex.def)             Requested size: 28.45274pt x 8.74866pt.

[8

]
<imagenes//coordinate_systems.png, id=656, 803.0pt x 395.4775pt>
File: imagenes//coordinate_systems.png Graphic file (type png)
<use imagenes//coordinate_systems.png>
Package pdftex.def Info: imagenes//coordinate_systems.png  used on input line 1
72.
(pdftex.def)             Requested size: 307.28987pt x 151.34508pt.
File: imagenes//ugr2.png Graphic file (type png)
<use imagenes//ugr2.png>
Package pdftex.def Info: imagenes//ugr2.png  used on input line 172.
(pdftex.def)             Requested size: 28.45274pt x 8.74866pt.
 [9

 <./imagenes//coordinate_systems.png>]
LaTeX Font Info:    Trying to load font information for U+msa on input line 189
.

(/usr/share/texlive/texmf-dist/tex/latex/amsfonts/umsa.fd
File: umsa.fd 2013/01/14 v3.01 AMS symbols A
)
LaTeX Font Info:    Trying to load font information for U+msb on input line 189
.

(/usr/share/texlive/texmf-dist/tex/latex/amsfonts/umsb.fd
File: umsb.fd 2013/01/14 v3.01 AMS symbols B
)
File: imagenes//ugr2.png Graphic file (type png)
<use imagenes//ugr2.png>
Package pdftex.def Info: imagenes//ugr2.png  used on input line 189.
(pdftex.def)             Requested size: 28.45274pt x 8.74866pt.
 [10

]
File: imagenes//ugr2.png Graphic file (type png)
<use imagenes//ugr2.png>
Package pdftex.def Info: imagenes//ugr2.png  used on input line 217.
(pdftex.def)             Requested size: 28.45274pt x 8.74866pt.
 [11

]
File: imagenes//ugr2.png Graphic file (type png)
<use imagenes//ugr2.png>
Package pdftex.def Info: imagenes//ugr2.png  used on input line 242.
(pdftex.def)             Requested size: 28.45274pt x 8.74866pt.
 [12

]
File: imagenes//ugr2.png Graphic file (type png)
<use imagenes//ugr2.png>
Package pdftex.def Info: imagenes//ugr2.png  used on input line 272.
(pdftex.def)             Requested size: 28.45274pt x 8.74866pt.

[13

]
File: imagenes//ugr2.png Graphic file (type png)
<use imagenes//ugr2.png>
Package pdftex.def Info: imagenes//ugr2.png  used on input line 304.
(pdftex.def)             Requested size: 28.45274pt x 8.74866pt.
 [14

]
<imagenes//cubo.png, id=1115, 1116.17pt x 569.12625pt>
File: imagenes//cubo.png Graphic file (type png)
<use imagenes//cubo.png>
Package pdftex.def Info: imagenes//cubo.png  used on input line 347.
(pdftex.def)             Requested size: 153.64493pt x 78.33977pt.
<imagenes//notacion.png, id=1116, 1041.8925pt x 497.86pt>
File: imagenes//notacion.png Graphic file (type png)
<use imagenes//notacion.png>
Package pdftex.def Info: imagenes//notacion.png  used on input line 347.
(pdftex.def)             Requested size: 153.64493pt x 73.41472pt.
File: imagenes//ugr2.png Graphic file (type png)
<use imagenes//ugr2.png>
Package pdftex.def Info: imagenes//ugr2.png  used on input line 347.
(pdftex.def)             Requested size: 28.45274pt x 8.74866pt.
 [15

 <./imagenes//cubo.png> <./imagenes//notacion.png>]
File: imagenes//ugr2.png Graphic file (type png)
<use imagenes//ugr2.png>
Package pdftex.def Info: imagenes//ugr2.png  used on input line 415.
(pdftex.def)             Requested size: 28.45274pt x 8.74866pt.
 [16

]
<imagenes//viewport.png, id=1266, 969.6225pt x 490.83376pt>
File: imagenes//viewport.png Graphic file (type png)
<use imagenes//viewport.png>
Package pdftex.def Info: imagenes//viewport.png  used on input line 462.
(pdftex.def)             Requested size: 153.64493pt x 77.77107pt.
File: imagenes//ugr2.png Graphic file (type png)
<use imagenes//ugr2.png>
Package pdftex.def Info: imagenes//ugr2.png  used on input line 462.
(pdftex.def)             Requested size: 28.45274pt x 8.74866pt.
 [17

 <./imagenes//viewport.png>]
File: imagenes//ugr2.png Graphic file (type png)
<use imagenes//ugr2.png>
Package pdftex.def Info: imagenes//ugr2.png  used on input line 497.
(pdftex.def)             Requested size: 28.45274pt x 8.74866pt.
 [18

] (./presentation.toc)
File: imagenes//ugr2.png Graphic file (type png)
<use imagenes//ugr2.png>
Package pdftex.def Info: imagenes//ugr2.png  used on input line 498.
(pdftex.def)             Requested size: 28.45274pt x 8.74866pt.
 [19

]
<imagenes//points.png, id=1482, 1306.8825pt x 713.66624pt>
File: imagenes//points.png Graphic file (type png)
<use imagenes//points.png>
Package pdftex.def Info: imagenes//points.png  used on input line 522.
(pdftex.def)             Requested size: 153.64493pt x 83.8939pt.
File: imagenes//ugr2.png Graphic file (type png)
<use imagenes//ugr2.png>
Package pdftex.def Info: imagenes//ugr2.png  used on input line 522.
(pdftex.def)             Requested size: 28.45274pt x 8.74866pt.
 [20

 <./imagenes//points.png>]
File: imagenes//ugr2.png Graphic file (type png)
<use imagenes//ugr2.png>
Package pdftex.def Info: imagenes//ugr2.png  used on input line 537.
(pdftex.def)             Requested size: 28.45274pt x 8.74866pt.
 [21

]
<imagenes//estructura.png, id=1619, 932.48375pt x 773.89125pt>
File: imagenes//estructura.png Graphic file (type png)
<use imagenes//estructura.png>
Package pdftex.def Info: imagenes//estructura.png  used on input line 564.
(pdftex.def)             Requested size: 215.10196pt x 178.51082pt.

Overfull \vbox (18.74811pt too high) detected at line 564
 []

File: imagenes//ugr2.png Graphic file (type png)
<use imagenes//ugr2.png>
Package pdftex.def Info: imagenes//ugr2.png  used on input line 564.
(pdftex.def)             Requested size: 28.45274pt x 8.74866pt.
[22

 <./imagenes//estructura.png>] (./presentation.toc)
File: imagenes//ugr2.png Graphic file (type png)
<use imagenes//ugr2.png>
Package pdftex.def Info: imagenes//ugr2.png  used on input line 567.
(pdftex.def)             Requested size: 28.45274pt x 8.74866pt.
 [23

]
Overfull \hbox (16.97368pt too wide) in paragraph at lines 605--605
 [] 
 []

LaTeX Font Info:    Trying to load font information for TS1+cmss on input line 
605.
(/usr/share/texlive/texmf-dist/tex/latex/base/ts1cmss.fd
File: ts1cmss.fd 2019/12/16 v2.5j Standard LaTeX font definitions
)
File: imagenes//ugr2.png Graphic file (type png)
<use imagenes//ugr2.png>
Package pdftex.def Info: imagenes//ugr2.png  used on input line 605.
(pdftex.def)             Requested size: 28.45274pt x 8.74866pt.
 [24

]
<imagenes//sujeto-2.jpeg, id=1824, 1505.625pt x 1537.745pt>
File: imagenes//sujeto-2.jpeg Graphic file (type jpg)
<use imagenes//sujeto-2.jpeg>
Package pdftex.def Info: imagenes//sujeto-2.jpeg  used on input line 630.
(pdftex.def)             Requested size: 153.64493pt x 156.90422pt.
File: imagenes//ugr2.png Graphic file (type png)
<use imagenes//ugr2.png>
Package pdftex.def Info: imagenes//ugr2.png  used on input line 630.
(pdftex.def)             Requested size: 28.45274pt x 8.74866pt.
 [25

 <./imagenes//sujeto-2.jpeg>]
<imagenes//menu.png, id=1888, 636.4578pt x 389.14615pt>
File: imagenes//menu.png Graphic file (type png)
<use imagenes//menu.png>
Package pdftex.def Info: imagenes//menu.png  used on input line 653.
(pdftex.def)             Requested size: 199.73653pt x 122.12447pt.
<imagenes//cursor.png, id=1889, 585.8688pt x 390.86873pt>
File: imagenes//cursor.png Graphic file (type png)
<use imagenes//cursor.png>
Package pdftex.def Info: imagenes//cursor.png  used on input line 653.
(pdftex.def)             Requested size: 107.55333pt x 71.75491pt.
File: imagenes//ugr2.png Graphic file (type png)
<use imagenes//ugr2.png>
Package pdftex.def Info: imagenes//ugr2.png  used on input line 653.
(pdftex.def)             Requested size: 28.45274pt x 8.74866pt.
 [26

 <./imagenes//menu.png> <./imagenes//cursor.png>]
<imagenes//fase1-errores.png, id=1954, 462.528pt x 346.896pt>
File: imagenes//fase1-errores.png Graphic file (type png)
<use imagenes//fase1-errores.png>
Package pdftex.def Info: imagenes//fase1-errores.png  used on input line 684.
(pdftex.def)             Requested size: 122.91406pt x 92.18106pt.
<imagenes//fase1-time.png, id=1955, 462.528pt x 346.896pt>
File: imagenes//fase1-time.png Graphic file (type png)
<use imagenes//fase1-time.png>
Package pdftex.def Info: imagenes//fase1-time.png  used on input line 684.
(pdftex.def)             Requested size: 122.91406pt x 92.18106pt.
<imagenes//sujeto5/no_force/evolution_distance.png, id=1956, 1156.32pt x 578.16
pt>
File: imagenes//sujeto5/no_force/evolution_distance.png Graphic file (type png)

<use imagenes//sujeto5/no_force/evolution_distance.png>
Package pdftex.def Info: imagenes//sujeto5/no_force/evolution_distance.png  use
d on input line 684.
(pdftex.def)             Requested size: 184.3758pt x 92.18108pt.
<imagenes//sujeto3/no_force/evolution_distance.png, id=1957, 1156.32pt x 578.16
pt>
File: imagenes//sujeto3/no_force/evolution_distance.png Graphic file (type png)

<use imagenes//sujeto3/no_force/evolution_distance.png>
Package pdftex.def Info: imagenes//sujeto3/no_force/evolution_distance.png  use
d on input line 684.
(pdftex.def)             Requested size: 184.3758pt x 92.18108pt.

Overfull \vbox (7.99944pt too high) detected at line 684
 []

File: imagenes//ugr2.png Graphic file (type png)
<use imagenes//ugr2.png>
Package pdftex.def Info: imagenes//ugr2.png  used on input line 684.
(pdftex.def)             Requested size: 28.45274pt x 8.74866pt.
[27

 <./imagenes//fase1-errores.png> <./imagenes//fase1-time.png> <./imagenes//suje
to5/no_force/evolution_distance.png> <./imagenes//sujeto3/no_force/evolution_di
stance.png>]
<imagenes//sujeto1/force/trayectorias.png, id=2023, 1156.32pt x 578.16pt>
File: imagenes//sujeto1/force/trayectorias.png Graphic file (type png)
<use imagenes//sujeto1/force/trayectorias.png>
Package pdftex.def Info: imagenes//sujeto1/force/trayectorias.png  used on inpu
t line 708.
(pdftex.def)             Requested size: 135.20828pt x 67.60298pt.
<imagenes//sujeto2/force/trayectorias.png, id=2024, 1156.32pt x 578.16pt>
File: imagenes//sujeto2/force/trayectorias.png Graphic file (type png)
<use imagenes//sujeto2/force/trayectorias.png>
Package pdftex.def Info: imagenes//sujeto2/force/trayectorias.png  used on inpu
t line 708.
(pdftex.def)             Requested size: 135.20828pt x 67.60298pt.
<imagenes//sujeto4/force/trayectorias.png, id=2025, 1156.32pt x 578.16pt>
File: imagenes//sujeto4/force/trayectorias.png Graphic file (type png)
<use imagenes//sujeto4/force/trayectorias.png>
Package pdftex.def Info: imagenes//sujeto4/force/trayectorias.png  used on inpu
t line 708.
(pdftex.def)             Requested size: 135.20828pt x 67.60298pt.
<imagenes//sujeto3/force/trayectorias.png, id=2026, 1156.32pt x 578.16pt>
File: imagenes//sujeto3/force/trayectorias.png Graphic file (type png)
<use imagenes//sujeto3/force/trayectorias.png>
Package pdftex.def Info: imagenes//sujeto3/force/trayectorias.png  used on inpu
t line 708.
(pdftex.def)             Requested size: 153.64493pt x 76.82196pt.
<imagenes//sujeto5/force/trayectorias.png, id=2027, 1156.32pt x 578.16pt>
File: imagenes//sujeto5/force/trayectorias.png Graphic file (type png)
<use imagenes//sujeto5/force/trayectorias.png>
Package pdftex.def Info: imagenes//sujeto5/force/trayectorias.png  used on inpu
t line 708.
(pdftex.def)             Requested size: 153.64493pt x 76.82196pt.

Overfull \vbox (13.84622pt too high) detected at line 708
 []

File: imagenes//ugr2.png Graphic file (type png)
<use imagenes//ugr2.png>
Package pdftex.def Info: imagenes//ugr2.png  used on input line 708.
(pdftex.def)             Requested size: 28.45274pt x 8.74866pt.
[28

 <./imagenes//sujeto1/force/trayectorias.png> <./imagenes//sujeto2/force/trayec
torias.png> <./imagenes//sujeto4/force/trayectorias.png> <./imagenes//sujeto3/f
orce/trayectorias.png> <./imagenes//sujeto5/force/trayectorias.png>]
<imagenes//fase2-errores.png, id=2095, 462.528pt x 346.896pt>
File: imagenes//fase2-errores.png Graphic file (type png)
<use imagenes//fase2-errores.png>
Package pdftex.def Info: imagenes//fase2-errores.png  used on input line 734.
(pdftex.def)             Requested size: 122.91406pt x 92.18106pt.
<imagenes//fase2-time.png, id=2096, 462.528pt x 346.896pt>
File: imagenes//fase2-time.png Graphic file (type png)
<use imagenes//fase2-time.png>
Package pdftex.def Info: imagenes//fase2-time.png  used on input line 734.
(pdftex.def)             Requested size: 122.91406pt x 92.18106pt.
<imagenes//sujeto5/force/trayectorias_puntos.png, id=2097, 1156.32pt x 578.16pt
>
File: imagenes//sujeto5/force/trayectorias_puntos.png Graphic file (type png)
<use imagenes//sujeto5/force/trayectorias_puntos.png>
Package pdftex.def Info: imagenes//sujeto5/force/trayectorias_puntos.png  used 
on input line 734.
(pdftex.def)             Requested size: 184.3758pt x 92.18108pt.
<imagenes//sujeto3/force/trayectorias_puntos.png, id=2098, 1156.32pt x 578.16pt
>
File: imagenes//sujeto3/force/trayectorias_puntos.png Graphic file (type png)
<use imagenes//sujeto3/force/trayectorias_puntos.png>
Package pdftex.def Info: imagenes//sujeto3/force/trayectorias_puntos.png  used 
on input line 734.
(pdftex.def)             Requested size: 184.3758pt x 92.18108pt.

Overfull \vbox (7.99944pt too high) detected at line 734
 []

File: imagenes//ugr2.png Graphic file (type png)
<use imagenes//ugr2.png>
Package pdftex.def Info: imagenes//ugr2.png  used on input line 734.
(pdftex.def)             Requested size: 28.45274pt x 8.74866pt.
[29

 <./imagenes//fase2-errores.png> <./imagenes//fase2-time.png> <./imagenes//suje
to5/force/trayectorias_puntos.png> <./imagenes//sujeto3/force/trayectorias_punt
os.png>]
<imagenes//fase3-errores.png, id=2164, 462.528pt x 346.896pt>
File: imagenes//fase3-errores.png Graphic file (type png)
<use imagenes//fase3-errores.png>
Package pdftex.def Info: imagenes//fase3-errores.png  used on input line 751.
(pdftex.def)             Requested size: 138.2795pt x 103.70966pt.
<imagenes//fase3-time.png, id=2165, 462.528pt x 346.896pt>
File: imagenes//fase3-time.png Graphic file (type png)
<use imagenes//fase3-time.png>
Package pdftex.def Info: imagenes//fase3-time.png  used on input line 751.
(pdftex.def)             Requested size: 138.2795pt x 103.70966pt.
File: imagenes//ugr2.png Graphic file (type png)
<use imagenes//ugr2.png>
Package pdftex.def Info: imagenes//ugr2.png  used on input line 751.
(pdftex.def)             Requested size: 28.45274pt x 8.74866pt.
 [30

 <./imagenes//fase3-errores.png> <./imagenes//fase3-time.png>]
<imagenes//fase4-errores.png, id=2230, 462.528pt x 346.896pt>
File: imagenes//fase4-errores.png Graphic file (type png)
<use imagenes//fase4-errores.png>
Package pdftex.def Info: imagenes//fase4-errores.png  used on input line 766.
(pdftex.def)             Requested size: 138.2795pt x 103.70966pt.
<imagenes//fase4-time.png, id=2231, 462.528pt x 346.896pt>
File: imagenes//fase4-time.png Graphic file (type png)
<use imagenes//fase4-time.png>
Package pdftex.def Info: imagenes//fase4-time.png  used on input line 766.
(pdftex.def)             Requested size: 138.2795pt x 103.70966pt.
File: imagenes//ugr2.png Graphic file (type png)
<use imagenes//ugr2.png>
Package pdftex.def Info: imagenes//ugr2.png  used on input line 766.
(pdftex.def)             Requested size: 28.45274pt x 8.74866pt.

[31

 <./imagenes//fase4-errores.png> <./imagenes//fase4-time.png>]
(./presentation.toc)
File: imagenes//ugr2.png Graphic file (type png)
<use imagenes//ugr2.png>
Package pdftex.def Info: imagenes//ugr2.png  used on input line 769.
(pdftex.def)             Requested size: 28.45274pt x 8.74866pt.
 [32

]
File: imagenes//ugr2.png Graphic file (type png)
<use imagenes//ugr2.png>
Package pdftex.def Info: imagenes//ugr2.png  used on input line 784.
(pdftex.def)             Requested size: 28.45274pt x 8.74866pt.
 [33

]
File: imagenes//ugr2.png Graphic file (type png)
<use imagenes//ugr2.png>
Package pdftex.def Info: imagenes//ugr2.png  used on input line 797.
(pdftex.def)             Requested size: 28.45274pt x 8.74866pt.
 [34

]
\tf@nav=\write6
\openout6 = `presentation.nav'.

\tf@toc=\write7
\openout7 = `presentation.toc'.

\tf@snm=\write8
\openout8 = `presentation.snm'.

 (./presentation.aux)
Package rerunfilecheck Info: File `presentation.out' has not changed.
(rerunfilecheck)             Checksum: 17ECD6A2CD43206E27DF7BBCBB129C4A;653.
 ) 
Here is how much of TeX's memory you used:
 29289 strings out of 479671
 597109 string characters out of 5883282
 863298 words of memory out of 5000000
 46718 multiletter control sequences out of 15000+600000
 478084 words of font info for 59 fonts, out of 8000000 for 9000
 290 hyphenation exceptions out of 8191
 99i,20n,104p,410b,980s stack positions out of 5000i,500n,10000p,200000b,80000s
 </home/celia/.texlive2021/texmf-var/fonts/pk/ljfour/jknappen/ec/tcss1095.600
pk></usr/share/texlive/texmf-dist/fonts/type1/public/amsfonts/cm/cmex10.pfb></u
sr/share/texlive/texmf-dist/fonts/type1/public/amsfonts/cm/cmmi10.pfb></usr/sha
re/texlive/texmf-dist/fonts/type1/public/amsfonts/cm/cmmi8.pfb></usr/share/texl
ive/texmf-dist/fonts/type1/public/amsfonts/cm/cmr10.pfb></usr/share/texlive/tex
mf-dist/fonts/type1/public/amsfonts/cm/cmr8.pfb></usr/share/texlive/texmf-dist/
fonts/type1/public/amsfonts/cm/cmss10.pfb></usr/share/texlive/texmf-dist/fonts/
type1/public/amsfonts/cm/cmss12.pfb></usr/share/texlive/texmf-dist/fonts/type1/
public/amsfonts/cm/cmss8.pfb></usr/share/texlive/texmf-dist/fonts/type1/public/
amsfonts/cm/cmssbx10.pfb></usr/share/texlive/texmf-dist/fonts/type1/public/amsf
onts/cm/cmssi10.pfb></usr/share/texlive/texmf-dist/fonts/type1/public/amsfonts/
cm/cmsy10.pfb></usr/share/texlive/texmf-dist/fonts/type1/public/amsfonts/cm/cms
y6.pfb></usr/share/texlive/texmf-dist/fonts/type1/public/amsfonts/cm/cmsy8.pfb>
</usr/share/texlive/texmf-dist/fonts/type1/public/amsfonts/symbols/msbm10.pfb>
Output written on presentation.pdf (34 pages, 4507852 bytes).
PDF statistics:
 2571 PDF objects out of 2984 (max. 8388607)
 2293 compressed objects within 23 object streams
 77 named destinations out of 1000 (max. 500000)
 761 words of extra memory for PDF output out of 10000 (max. 10000000)

