\BOOKMARK [0][-]{chapter.1}{Introduccion}{}% 1
\BOOKMARK [0][-]{chapter.2}{Objetivos}{}% 2
\BOOKMARK [0][-]{chapter.3}{Planificacion y coste}{}% 3
\BOOKMARK [1][-]{section.3.1}{Fases del proyecto}{chapter.3}% 4
\BOOKMARK [1][-]{section.3.2}{Planificaci\363n del proyecto en tiempo}{chapter.3}% 5
\BOOKMARK [0][-]{chapter.4}{Material}{}% 6
\BOOKMARK [1][-]{section.4.1}{Touch}{chapter.4}% 7
\BOOKMARK [2][-]{subsection.4.1.1}{OpenHaptics}{section.4.1}% 8
\BOOKMARK [0][-]{chapter.5}{Fundamentos matem\341ticos}{}% 9
\BOOKMARK [1][-]{section.5.1}{Cambio de sistema de referencia}{chapter.5}% 10
\BOOKMARK [2][-]{subsection.5.1.1}{Definiciones y teoremas}{section.5.1}% 11
\BOOKMARK [2][-]{subsection.5.1.2}{Aplicaciones en inform\341tica gr\341fica}{section.5.1}% 12
\BOOKMARK [0][-]{chapter.6}{Desarrollo del proyecto}{}% 13
\BOOKMARK [1][-]{section.6.1}{Planificaci\363n del experimento}{chapter.6}% 14
\BOOKMARK [2][-]{subsection.6.1.1}{Experimento de referencia}{section.6.1}% 15
\BOOKMARK [2][-]{subsection.6.1.2}{Dise\361o de nuestro experimento}{section.6.1}% 16
\BOOKMARK [1][-]{section.6.2}{Desarrollo de la aplicaci\363n}{chapter.6}% 17
\BOOKMARK [2][-]{subsection.6.2.1}{Instalaci\363n del software de OpenHaptics}{section.6.2}% 18
\BOOKMARK [2][-]{subsection.6.2.2}{Implementaci\363n del codigo}{section.6.2}% 19
\BOOKMARK [2][-]{subsection.6.2.3}{Script en python}{section.6.2}% 20
\BOOKMARK [1][-]{section.6.3}{Obtencion de resultados}{chapter.6}% 21
\BOOKMARK [1][-]{section.6.4}{Analisis de resultados}{chapter.6}% 22
\BOOKMARK [0][-]{chapter.7}{Discusion y conclusiones}{}% 23
\BOOKMARK [0][-]{chapter.8}{Bibliograf\355a}{}% 24
